2020-08-18T21:37:23+00:00 CRITICAL Uncaught Error: Call to undefined function wc_get_loop_prop() in /home1/lisaove1/public_html/wp-content/plugins/woocommerce/includes/class-wc-query.php:376
Stack trace:
#0 /home1/lisaove1/public_html/wp-content/plugins/woocommerce/includes/class-wc-query.php(363): WC_Query->adjust_total_pages()
#1 /home1/lisaove1/public_html/wp-includes/class-wp-hook.php(289): WC_Query->handle_get_posts(Array)
#2 /home1/lisaove1/public_html/wp-includes/plugin.php(249): WP_Hook->apply_filters(Array, Array)
#3 /home1/lisaove1/public_html/wp-includes/class-wp-query.php(3190): apply_filters_ref_array('the_posts', Array)
#4 /home1/lisaove1/public_html/wp-includes/class-wp-query.php(3448): WP_Query->get_posts()
#5 /home1/lisaove1/public_html/wp-includes/post.php(2053): WP_Query->query(Array)
#6 /home1/lisaove1/public_html/wp-content/themes/creativo/inc/creativo-vc-integration.php(317): get_posts('post_type=post&...')
#7 /home1/lisaove1/public_html/wp-content/themes/creativo/functions.php(430): require_once('/home1/lisaove1...')
#8  in /home1/lisaove1/public_html/wp-content/plugins/woocommerce/includes/class-wc-query.php on line 376

2020-08-18T21:38:53+00:00 CRITICAL Uncaught Error: Call to undefined function wc_get_loop_prop() in /home1/lisaove1/public_html/wp-content/plugins/woocommerce/includes/class-wc-query.php:376
Stack trace:
#0 /home1/lisaove1/public_html/wp-content/plugins/woocommerce/includes/class-wc-query.php(363): WC_Query->adjust_total_pages()
#1 /home1/lisaove1/public_html/wp-includes/class-wp-hook.php(289): WC_Query->handle_get_posts(Array)
#2 /home1/lisaove1/public_html/wp-includes/plugin.php(249): WP_Hook->apply_filters(Array, Array)
#3 /home1/lisaove1/public_html/wp-includes/class-wp-query.php(3190): apply_filters_ref_array('the_posts', Array)
#4 /home1/lisaove1/public_html/wp-includes/class-wp-query.php(3448): WP_Query->get_posts()
#5 /home1/lisaove1/public_html/wp-includes/post.php(2053): WP_Query->query(Array)
#6 /home1/lisaove1/public_html/wp-content/themes/creativo/inc/creativo-vc-integration.php(317): get_posts('post_type=post&...')
#7 /home1/lisaove1/public_html/wp-content/themes/creativo/functions.php(430): require_once('/home1/lisaove1...')
#8  in /home1/lisaove1/public_html/wp-content/plugins/woocommerce/includes/class-wc-query.php on line 376

2020-08-18T21:49:09+00:00 CRITICAL Uncaught Error: Call to undefined function wc_get_loop_prop() in /home1/lisaove1/public_html/wp-content/plugins/woocommerce/includes/class-wc-query.php:376
Stack trace:
#0 /home1/lisaove1/public_html/wp-content/plugins/woocommerce/includes/class-wc-query.php(363): WC_Query->adjust_total_pages()
#1 /home1/lisaove1/public_html/wp-includes/class-wp-hook.php(289): WC_Query->handle_get_posts(Array)
#2 /home1/lisaove1/public_html/wp-includes/plugin.php(249): WP_Hook->apply_filters(Array, Array)
#3 /home1/lisaove1/public_html/wp-includes/class-wp-query.php(3190): apply_filters_ref_array('the_posts', Array)
#4 /home1/lisaove1/public_html/wp-includes/class-wp-query.php(3448): WP_Query->get_posts()
#5 /home1/lisaove1/public_html/wp-includes/post.php(2053): WP_Query->query(Array)
#6 /home1/lisaove1/public_html/wp-content/themes/creativo/inc/creativo-vc-integration.php(317): get_posts('post_type=post&...')
#7 /home1/lisaove1/public_html/wp-content/themes/creativo/functions.php(430): require_once('/home1/lisaove1...')
#8  in /home1/lisaove1/public_html/wp-content/plugins/woocommerce/includes/class-wc-query.php on line 376

2020-08-18T21:56:03+00:00 CRITICAL Uncaught Error: Call to undefined function wc_get_loop_prop() in /home1/lisaove1/public_html/wp-content/plugins/woocommerce/includes/class-wc-query.php:376
Stack trace:
#0 /home1/lisaove1/public_html/wp-content/plugins/woocommerce/includes/class-wc-query.php(363): WC_Query->adjust_total_pages()
#1 /home1/lisaove1/public_html/wp-includes/class-wp-hook.php(289): WC_Query->handle_get_posts(Array)
#2 /home1/lisaove1/public_html/wp-includes/plugin.php(249): WP_Hook->apply_filters(Array, Array)
#3 /home1/lisaove1/public_html/wp-includes/class-wp-query.php(3190): apply_filters_ref_array('the_posts', Array)
#4 /home1/lisaove1/public_html/wp-includes/class-wp-query.php(3448): WP_Query->get_posts()
#5 /home1/lisaove1/public_html/wp-includes/post.php(2053): WP_Query->query(Array)
#6 /home1/lisaove1/public_html/wp-content/themes/creativo/inc/creativo-vc-integration.php(317): get_posts('post_type=post&...')
#7 /home1/lisaove1/public_html/wp-content/themes/creativo/functions.php(430): require_once('/home1/lisaove1...')
#8  in /home1/lisaove1/public_html/wp-content/plugins/woocommerce/includes/class-wc-query.php on line 376

2020-08-18T21:59:06+00:00 CRITICAL Uncaught Error: Call to undefined function wc_get_loop_prop() in /home1/lisaove1/public_html/wp-content/plugins/woocommerce/includes/class-wc-query.php:376
Stack trace:
#0 /home1/lisaove1/public_html/wp-content/plugins/woocommerce/includes/class-wc-query.php(363): WC_Query->adjust_total_pages()
#1 /home1/lisaove1/public_html/wp-includes/class-wp-hook.php(289): WC_Query->handle_get_posts(Array)
#2 /home1/lisaove1/public_html/wp-includes/plugin.php(249): WP_Hook->apply_filters(Array, Array)
#3 /home1/lisaove1/public_html/wp-includes/class-wp-query.php(3190): apply_filters_ref_array('the_posts', Array)
#4 /home1/lisaove1/public_html/wp-includes/class-wp-query.php(3448): WP_Query->get_posts()
#5 /home1/lisaove1/public_html/wp-includes/post.php(2053): WP_Query->query(Array)
#6 /home1/lisaove1/public_html/wp-content/themes/creativo/inc/creativo-vc-integration.php(317): get_posts('post_type=post&...')
#7 /home1/lisaove1/public_html/wp-content/themes/creativo/functions.php(430): require_once('/home1/lisaove1...')
#8  in /home1/lisaove1/public_html/wp-content/plugins/woocommerce/includes/class-wc-query.php on line 376

2020-08-18T22:04:12+00:00 CRITICAL Uncaught Error: Call to undefined function wc_get_loop_prop() in /home1/lisaove1/public_html/wp-content/plugins/woocommerce/includes/class-wc-query.php:376
Stack trace:
#0 /home1/lisaove1/public_html/wp-content/plugins/woocommerce/includes/class-wc-query.php(363): WC_Query->adjust_total_pages()
#1 /home1/lisaove1/public_html/wp-includes/class-wp-hook.php(289): WC_Query->handle_get_posts(Array)
#2 /home1/lisaove1/public_html/wp-includes/plugin.php(249): WP_Hook->apply_filters(Array, Array)
#3 /home1/lisaove1/public_html/wp-includes/class-wp-query.php(3190): apply_filters_ref_array('the_posts', Array)
#4 /home1/lisaove1/public_html/wp-includes/class-wp-query.php(3448): WP_Query->get_posts()
#5 /home1/lisaove1/public_html/wp-includes/post.php(2053): WP_Query->query(Array)
#6 /home1/lisaove1/public_html/wp-content/themes/creativo/inc/creativo-vc-integration.php(317): get_posts('post_type=post&...')
#7 /home1/lisaove1/public_html/wp-content/themes/creativo/functions.php(430): require_once('/home1/lisaove1...')
#8  in /home1/lisaove1/public_html/wp-content/plugins/woocommerce/includes/class-wc-query.php on line 376

2020-08-18T22:05:50+00:00 CRITICAL Uncaught Error: Call to undefined function wc_get_loop_prop() in /home1/lisaove1/public_html/wp-content/plugins/woocommerce/includes/class-wc-query.php:376
Stack trace:
#0 /home1/lisaove1/public_html/wp-content/plugins/woocommerce/includes/class-wc-query.php(363): WC_Query->adjust_total_pages()
#1 /home1/lisaove1/public_html/wp-includes/class-wp-hook.php(289): WC_Query->handle_get_posts(Array)
#2 /home1/lisaove1/public_html/wp-includes/plugin.php(249): WP_Hook->apply_filters(Array, Array)
#3 /home1/lisaove1/public_html/wp-includes/class-wp-query.php(3190): apply_filters_ref_array('the_posts', Array)
#4 /home1/lisaove1/public_html/wp-includes/class-wp-query.php(3448): WP_Query->get_posts()
#5 /home1/lisaove1/public_html/wp-includes/post.php(2053): WP_Query->query(Array)
#6 /home1/lisaove1/public_html/wp-content/themes/creativo/inc/creativo-vc-integration.php(317): get_posts('post_type=post&...')
#7 /home1/lisaove1/public_html/wp-content/themes/creativo/functions.php(430): require_once('/home1/lisaove1...')
#8  in /home1/lisaove1/public_html/wp-content/plugins/woocommerce/includes/class-wc-query.php on line 376

2020-08-18T22:09:01+00:00 CRITICAL Uncaught Error: Call to undefined function wc_get_loop_prop() in /home1/lisaove1/public_html/wp-content/plugins/woocommerce/includes/class-wc-query.php:376
Stack trace:
#0 /home1/lisaove1/public_html/wp-content/plugins/woocommerce/includes/class-wc-query.php(363): WC_Query->adjust_total_pages()
#1 /home1/lisaove1/public_html/wp-includes/class-wp-hook.php(289): WC_Query->handle_get_posts(Array)
#2 /home1/lisaove1/public_html/wp-includes/plugin.php(249): WP_Hook->apply_filters(Array, Array)
#3 /home1/lisaove1/public_html/wp-includes/class-wp-query.php(3190): apply_filters_ref_array('the_posts', Array)
#4 /home1/lisaove1/public_html/wp-includes/class-wp-query.php(3448): WP_Query->get_posts()
#5 /home1/lisaove1/public_html/wp-includes/post.php(2053): WP_Query->query(Array)
#6 /home1/lisaove1/public_html/wp-content/themes/creativo/inc/creativo-vc-integration.php(317): get_posts('post_type=post&...')
#7 /home1/lisaove1/public_html/wp-content/themes/creativo/functions.php(430): require_once('/home1/lisaove1...')
#8  in /home1/lisaove1/public_html/wp-content/plugins/woocommerce/includes/class-wc-query.php on line 376

2020-08-18T22:12:23+00:00 CRITICAL Uncaught Error: Call to undefined function wc_get_loop_prop() in /home1/lisaove1/public_html/wp-content/plugins/woocommerce/includes/class-wc-query.php:376
Stack trace:
#0 /home1/lisaove1/public_html/wp-content/plugins/woocommerce/includes/class-wc-query.php(363): WC_Query->adjust_total_pages()
#1 /home1/lisaove1/public_html/wp-includes/class-wp-hook.php(289): WC_Query->handle_get_posts(Array)
#2 /home1/lisaove1/public_html/wp-includes/plugin.php(249): WP_Hook->apply_filters(Array, Array)
#3 /home1/lisaove1/public_html/wp-includes/class-wp-query.php(3190): apply_filters_ref_array('the_posts', Array)
#4 /home1/lisaove1/public_html/wp-includes/class-wp-query.php(3448): WP_Query->get_posts()
#5 /home1/lisaove1/public_html/wp-includes/post.php(2053): WP_Query->query(Array)
#6 /home1/lisaove1/public_html/wp-content/themes/creativo/inc/creativo-vc-integration.php(317): get_posts('post_type=post&...')
#7 /home1/lisaove1/public_html/wp-content/themes/creativo/functions.php(430): require_once('/home1/lisaove1...')
#8  in /home1/lisaove1/public_html/wp-content/plugins/woocommerce/includes/class-wc-query.php on line 376

2020-08-18T22:19:03+00:00 CRITICAL Uncaught Error: Call to undefined function wc_get_loop_prop() in /home1/lisaove1/public_html/wp-content/plugins/woocommerce/includes/class-wc-query.php:376
Stack trace:
#0 /home1/lisaove1/public_html/wp-content/plugins/woocommerce/includes/class-wc-query.php(363): WC_Query->adjust_total_pages()
#1 /home1/lisaove1/public_html/wp-includes/class-wp-hook.php(289): WC_Query->handle_get_posts(Array)
#2 /home1/lisaove1/public_html/wp-includes/plugin.php(249): WP_Hook->apply_filters(Array, Array)
#3 /home1/lisaove1/public_html/wp-includes/class-wp-query.php(3190): apply_filters_ref_array('the_posts', Array)
#4 /home1/lisaove1/public_html/wp-includes/class-wp-query.php(3448): WP_Query->get_posts()
#5 /home1/lisaove1/public_html/wp-includes/post.php(2053): WP_Query->query(Array)
#6 /home1/lisaove1/public_html/wp-content/themes/creativo/inc/creativo-vc-integration.php(317): get_posts('post_type=post&...')
#7 /home1/lisaove1/public_html/wp-content/themes/creativo/functions.php(430): require_once('/home1/lisaove1...')
#8  in /home1/lisaove1/public_html/wp-content/plugins/woocommerce/includes/class-wc-query.php on line 376

2020-08-18T22:25:13+00:00 CRITICAL Uncaught Error: Call to undefined function wc_get_loop_prop() in /home1/lisaove1/public_html/wp-content/plugins/woocommerce/includes/class-wc-query.php:376
Stack trace:
#0 /home1/lisaove1/public_html/wp-content/plugins/woocommerce/includes/class-wc-query.php(363): WC_Query->adjust_total_pages()
#1 /home1/lisaove1/public_html/wp-includes/class-wp-hook.php(289): WC_Query->handle_get_posts(Array)
#2 /home1/lisaove1/public_html/wp-includes/plugin.php(249): WP_Hook->apply_filters(Array, Array)
#3 /home1/lisaove1/public_html/wp-includes/class-wp-query.php(3190): apply_filters_ref_array('the_posts', Array)
#4 /home1/lisaove1/public_html/wp-includes/class-wp-query.php(3448): WP_Query->get_posts()
#5 /home1/lisaove1/public_html/wp-includes/post.php(2053): WP_Query->query(Array)
#6 /home1/lisaove1/public_html/wp-content/themes/creativo/inc/creativo-vc-integration.php(317): get_posts('post_type=post&...')
#7 /home1/lisaove1/public_html/wp-content/themes/creativo/functions.php(430): require_once('/home1/lisaove1...')
#8  in /home1/lisaove1/public_html/wp-content/plugins/woocommerce/includes/class-wc-query.php on line 376

2020-08-18T22:28:53+00:00 CRITICAL Uncaught Error: Call to undefined function wc_get_loop_prop() in /home1/lisaove1/public_html/wp-content/plugins/woocommerce/includes/class-wc-query.php:376
Stack trace:
#0 /home1/lisaove1/public_html/wp-content/plugins/woocommerce/includes/class-wc-query.php(363): WC_Query->adjust_total_pages()
#1 /home1/lisaove1/public_html/wp-includes/class-wp-hook.php(289): WC_Query->handle_get_posts(Array)
#2 /home1/lisaove1/public_html/wp-includes/plugin.php(249): WP_Hook->apply_filters(Array, Array)
#3 /home1/lisaove1/public_html/wp-includes/class-wp-query.php(3190): apply_filters_ref_array('the_posts', Array)
#4 /home1/lisaove1/public_html/wp-includes/class-wp-query.php(3448): WP_Query->get_posts()
#5 /home1/lisaove1/public_html/wp-includes/post.php(2053): WP_Query->query(Array)
#6 /home1/lisaove1/public_html/wp-content/themes/creativo/inc/creativo-vc-integration.php(317): get_posts('post_type=post&...')
#7 /home1/lisaove1/public_html/wp-content/themes/creativo/functions.php(430): require_once('/home1/lisaove1...')
#8  in /home1/lisaove1/public_html/wp-content/plugins/woocommerce/includes/class-wc-query.php on line 376

2020-08-18T22:36:29+00:00 CRITICAL Uncaught Error: Call to undefined function wc_get_loop_prop() in /home1/lisaove1/public_html/wp-content/plugins/woocommerce/includes/class-wc-query.php:376
Stack trace:
#0 /home1/lisaove1/public_html/wp-content/plugins/woocommerce/includes/class-wc-query.php(363): WC_Query->adjust_total_pages()
#1 /home1/lisaove1/public_html/wp-includes/class-wp-hook.php(289): WC_Query->handle_get_posts(Array)
#2 /home1/lisaove1/public_html/wp-includes/plugin.php(249): WP_Hook->apply_filters(Array, Array)
#3 /home1/lisaove1/public_html/wp-includes/class-wp-query.php(3190): apply_filters_ref_array('the_posts', Array)
#4 /home1/lisaove1/public_html/wp-includes/class-wp-query.php(3448): WP_Query->get_posts()
#5 /home1/lisaove1/public_html/wp-includes/post.php(2053): WP_Query->query(Array)
#6 /home1/lisaove1/public_html/wp-content/themes/creativo/inc/creativo-vc-integration.php(317): get_posts('post_type=post&...')
#7 /home1/lisaove1/public_html/wp-content/themes/creativo/functions.php(430): require_once('/home1/lisaove1...')
#8  in /home1/lisaove1/public_html/wp-content/plugins/woocommerce/includes/class-wc-query.php on line 376

2020-08-18T22:39:05+00:00 CRITICAL Uncaught Error: Call to undefined function wc_get_loop_prop() in /home1/lisaove1/public_html/wp-content/plugins/woocommerce/includes/class-wc-query.php:376
Stack trace:
#0 /home1/lisaove1/public_html/wp-content/plugins/woocommerce/includes/class-wc-query.php(363): WC_Query->adjust_total_pages()
#1 /home1/lisaove1/public_html/wp-includes/class-wp-hook.php(289): WC_Query->handle_get_posts(Array)
#2 /home1/lisaove1/public_html/wp-includes/plugin.php(249): WP_Hook->apply_filters(Array, Array)
#3 /home1/lisaove1/public_html/wp-includes/class-wp-query.php(3190): apply_filters_ref_array('the_posts', Array)
#4 /home1/lisaove1/public_html/wp-includes/class-wp-query.php(3448): WP_Query->get_posts()
#5 /home1/lisaove1/public_html/wp-includes/post.php(2053): WP_Query->query(Array)
#6 /home1/lisaove1/public_html/wp-content/themes/creativo/inc/creativo-vc-integration.php(317): get_posts('post_type=post&...')
#7 /home1/lisaove1/public_html/wp-content/themes/creativo/functions.php(430): require_once('/home1/lisaove1...')
#8  in /home1/lisaove1/public_html/wp-content/plugins/woocommerce/includes/class-wc-query.php on line 376

2020-08-18T22:42:42+00:00 CRITICAL Uncaught Error: Call to undefined function wc_get_loop_prop() in /home1/lisaove1/public_html/wp-content/plugins/woocommerce/includes/class-wc-query.php:376
Stack trace:
#0 /home1/lisaove1/public_html/wp-content/plugins/woocommerce/includes/class-wc-query.php(363): WC_Query->adjust_total_pages()
#1 /home1/lisaove1/public_html/wp-includes/class-wp-hook.php(289): WC_Query->handle_get_posts(Array)
#2 /home1/lisaove1/public_html/wp-includes/plugin.php(249): WP_Hook->apply_filters(Array, Array)
#3 /home1/lisaove1/public_html/wp-includes/class-wp-query.php(3190): apply_filters_ref_array('the_posts', Array)
#4 /home1/lisaove1/public_html/wp-includes/class-wp-query.php(3448): WP_Query->get_posts()
#5 /home1/lisaove1/public_html/wp-includes/post.php(2053): WP_Query->query(Array)
#6 /home1/lisaove1/public_html/wp-content/themes/creativo/inc/creativo-vc-integration.php(317): get_posts('post_type=post&...')
#7 /home1/lisaove1/public_html/wp-content/themes/creativo/functions.php(430): require_once('/home1/lisaove1...')
#8  in /home1/lisaove1/public_html/wp-content/plugins/woocommerce/includes/class-wc-query.php on line 376

2020-08-18T22:48:54+00:00 CRITICAL Uncaught Error: Call to undefined function wc_get_loop_prop() in /home1/lisaove1/public_html/wp-content/plugins/woocommerce/includes/class-wc-query.php:376
Stack trace:
#0 /home1/lisaove1/public_html/wp-content/plugins/woocommerce/includes/class-wc-query.php(363): WC_Query->adjust_total_pages()
#1 /home1/lisaove1/public_html/wp-includes/class-wp-hook.php(289): WC_Query->handle_get_posts(Array)
#2 /home1/lisaove1/public_html/wp-includes/plugin.php(249): WP_Hook->apply_filters(Array, Array)
#3 /home1/lisaove1/public_html/wp-includes/class-wp-query.php(3190): apply_filters_ref_array('the_posts', Array)
#4 /home1/lisaove1/public_html/wp-includes/class-wp-query.php(3448): WP_Query->get_posts()
#5 /home1/lisaove1/public_html/wp-includes/post.php(2053): WP_Query->query(Array)
#6 /home1/lisaove1/public_html/wp-content/themes/creativo/inc/creativo-vc-integration.php(317): get_posts('post_type=post&...')
#7 /home1/lisaove1/public_html/wp-content/themes/creativo/functions.php(430): require_once('/home1/lisaove1...')
#8  in /home1/lisaove1/public_html/wp-content/plugins/woocommerce/includes/class-wc-query.php on line 376

2020-08-18T22:58:54+00:00 CRITICAL Uncaught Error: Call to undefined function wc_get_loop_prop() in /home1/lisaove1/public_html/wp-content/plugins/woocommerce/includes/class-wc-query.php:376
Stack trace:
#0 /home1/lisaove1/public_html/wp-content/plugins/woocommerce/includes/class-wc-query.php(363): WC_Query->adjust_total_pages()
#1 /home1/lisaove1/public_html/wp-includes/class-wp-hook.php(289): WC_Query->handle_get_posts(Array)
#2 /home1/lisaove1/public_html/wp-includes/plugin.php(249): WP_Hook->apply_filters(Array, Array)
#3 /home1/lisaove1/public_html/wp-includes/class-wp-query.php(3190): apply_filters_ref_array('the_posts', Array)
#4 /home1/lisaove1/public_html/wp-includes/class-wp-query.php(3448): WP_Query->get_posts()
#5 /home1/lisaove1/public_html/wp-includes/post.php(2053): WP_Query->query(Array)
#6 /home1/lisaove1/public_html/wp-content/themes/creativo/inc/creativo-vc-integration.php(317): get_posts('post_type=post&...')
#7 /home1/lisaove1/public_html/wp-content/themes/creativo/functions.php(430): require_once('/home1/lisaove1...')
#8  in /home1/lisaove1/public_html/wp-content/plugins/woocommerce/includes/class-wc-query.php on line 376

2020-08-18T23:05:08+00:00 CRITICAL Uncaught Error: Call to undefined function wc_get_loop_prop() in /home1/lisaove1/public_html/wp-content/plugins/woocommerce/includes/class-wc-query.php:376
Stack trace:
#0 /home1/lisaove1/public_html/wp-content/plugins/woocommerce/includes/class-wc-query.php(363): WC_Query->adjust_total_pages()
#1 /home1/lisaove1/public_html/wp-includes/class-wp-hook.php(289): WC_Query->handle_get_posts(Array)
#2 /home1/lisaove1/public_html/wp-includes/plugin.php(249): WP_Hook->apply_filters(Array, Array)
#3 /home1/lisaove1/public_html/wp-includes/class-wp-query.php(3190): apply_filters_ref_array('the_posts', Array)
#4 /home1/lisaove1/public_html/wp-includes/class-wp-query.php(3448): WP_Query->get_posts()
#5 /home1/lisaove1/public_html/wp-includes/post.php(2053): WP_Query->query(Array)
#6 /home1/lisaove1/public_html/wp-content/themes/creativo/inc/creativo-vc-integration.php(317): get_posts('post_type=post&...')
#7 /home1/lisaove1/public_html/wp-content/themes/creativo/functions.php(430): require_once('/home1/lisaove1...')
#8  in /home1/lisaove1/public_html/wp-content/plugins/woocommerce/includes/class-wc-query.php on line 376

2020-08-18T23:05:10+00:00 CRITICAL Uncaught Error: Call to undefined function wc_get_loop_prop() in /home1/lisaove1/public_html/wp-content/plugins/woocommerce/includes/class-wc-query.php:376
Stack trace:
#0 /home1/lisaove1/public_html/wp-content/plugins/woocommerce/includes/class-wc-query.php(363): WC_Query->adjust_total_pages()
#1 /home1/lisaove1/public_html/wp-includes/class-wp-hook.php(289): WC_Query->handle_get_posts(Array)
#2 /home1/lisaove1/public_html/wp-includes/plugin.php(249): WP_Hook->apply_filters(Array, Array)
#3 /home1/lisaove1/public_html/wp-includes/class-wp-query.php(3190): apply_filters_ref_array('the_posts', Array)
#4 /home1/lisaove1/public_html/wp-includes/class-wp-query.php(3448): WP_Query->get_posts()
#5 /home1/lisaove1/public_html/wp-includes/post.php(2053): WP_Query->query(Array)
#6 /home1/lisaove1/public_html/wp-content/themes/creativo/inc/creativo-vc-integration.php(317): get_posts('post_type=post&...')
#7 /home1/lisaove1/public_html/wp-content/themes/creativo/functions.php(430): require_once('/home1/lisaove1...')
#8  in /home1/lisaove1/public_html/wp-content/plugins/woocommerce/includes/class-wc-query.php on line 376

2020-08-18T23:08:57+00:00 CRITICAL Uncaught Error: Call to undefined function wc_get_loop_prop() in /home1/lisaove1/public_html/wp-content/plugins/woocommerce/includes/class-wc-query.php:376
Stack trace:
#0 /home1/lisaove1/public_html/wp-content/plugins/woocommerce/includes/class-wc-query.php(363): WC_Query->adjust_total_pages()
#1 /home1/lisaove1/public_html/wp-includes/class-wp-hook.php(289): WC_Query->handle_get_posts(Array)
#2 /home1/lisaove1/public_html/wp-includes/plugin.php(249): WP_Hook->apply_filters(Array, Array)
#3 /home1/lisaove1/public_html/wp-includes/class-wp-query.php(3190): apply_filters_ref_array('the_posts', Array)
#4 /home1/lisaove1/public_html/wp-includes/class-wp-query.php(3448): WP_Query->get_posts()
#5 /home1/lisaove1/public_html/wp-includes/post.php(2053): WP_Query->query(Array)
#6 /home1/lisaove1/public_html/wp-content/themes/creativo/inc/creativo-vc-integration.php(317): get_posts('post_type=post&...')
#7 /home1/lisaove1/public_html/wp-content/themes/creativo/functions.php(430): require_once('/home1/lisaove1...')
#8  in /home1/lisaove1/public_html/wp-content/plugins/woocommerce/includes/class-wc-query.php on line 376

2020-08-18T23:09:28+00:00 CRITICAL Uncaught Error: Call to undefined function wc_get_loop_prop() in /home1/lisaove1/public_html/wp-content/plugins/woocommerce/includes/class-wc-query.php:376
Stack trace:
#0 /home1/lisaove1/public_html/wp-content/plugins/woocommerce/includes/class-wc-query.php(363): WC_Query->adjust_total_pages()
#1 /home1/lisaove1/public_html/wp-includes/class-wp-hook.php(289): WC_Query->handle_get_posts(Array)
#2 /home1/lisaove1/public_html/wp-includes/plugin.php(249): WP_Hook->apply_filters(Array, Array)
#3 /home1/lisaove1/public_html/wp-includes/class-wp-query.php(3190): apply_filters_ref_array('the_posts', Array)
#4 /home1/lisaove1/public_html/wp-includes/class-wp-query.php(3448): WP_Query->get_posts()
#5 /home1/lisaove1/public_html/wp-includes/post.php(2053): WP_Query->query(Array)
#6 /home1/lisaove1/public_html/wp-content/themes/creativo/inc/creativo-vc-integration.php(317): get_posts('post_type=post&...')
#7 /home1/lisaove1/public_html/wp-content/themes/creativo/functions.php(430): require_once('/home1/lisaove1...')
#8  in /home1/lisaove1/public_html/wp-content/plugins/woocommerce/includes/class-wc-query.php on line 376

2020-08-18T23:09:36+00:00 CRITICAL Uncaught Error: Call to undefined function wc_get_loop_prop() in /home1/lisaove1/public_html/wp-content/plugins/woocommerce/includes/class-wc-query.php:376
Stack trace:
#0 /home1/lisaove1/public_html/wp-content/plugins/woocommerce/includes/class-wc-query.php(363): WC_Query->adjust_total_pages()
#1 /home1/lisaove1/public_html/wp-includes/class-wp-hook.php(289): WC_Query->handle_get_posts(Array)
#2 /home1/lisaove1/public_html/wp-includes/plugin.php(249): WP_Hook->apply_filters(Array, Array)
#3 /home1/lisaove1/public_html/wp-includes/class-wp-query.php(3190): apply_filters_ref_array('the_posts', Array)
#4 /home1/lisaove1/public_html/wp-includes/class-wp-query.php(3448): WP_Query->get_posts()
#5 /home1/lisaove1/public_html/wp-includes/post.php(2053): WP_Query->query(Array)
#6 /home1/lisaove1/public_html/wp-content/themes/creativo/inc/creativo-vc-integration.php(317): get_posts('post_type=post&...')
#7 /home1/lisaove1/public_html/wp-content/themes/creativo/functions.php(430): require_once('/home1/lisaove1...')
#8  in /home1/lisaove1/public_html/wp-content/plugins/woocommerce/includes/class-wc-query.php on line 376

2020-08-18T23:12:48+00:00 CRITICAL Uncaught Error: Call to undefined function wc_get_loop_prop() in /home1/lisaove1/public_html/wp-content/plugins/woocommerce/includes/class-wc-query.php:376
Stack trace:
#0 /home1/lisaove1/public_html/wp-content/plugins/woocommerce/includes/class-wc-query.php(363): WC_Query->adjust_total_pages()
#1 /home1/lisaove1/public_html/wp-includes/class-wp-hook.php(289): WC_Query->handle_get_posts(Array)
#2 /home1/lisaove1/public_html/wp-includes/plugin.php(249): WP_Hook->apply_filters(Array, Array)
#3 /home1/lisaove1/public_html/wp-includes/class-wp-query.php(3190): apply_filters_ref_array('the_posts', Array)
#4 /home1/lisaove1/public_html/wp-includes/class-wp-query.php(3448): WP_Query->get_posts()
#5 /home1/lisaove1/public_html/wp-includes/post.php(2053): WP_Query->query(Array)
#6 /home1/lisaove1/public_html/wp-content/themes/creativo/inc/creativo-vc-integration.php(317): get_posts('post_type=post&...')
#7 /home1/lisaove1/public_html/wp-content/themes/creativo/functions.php(430): require_once('/home1/lisaove1...')
#8  in /home1/lisaove1/public_html/wp-content/plugins/woocommerce/includes/class-wc-query.php on line 376

2020-08-18T23:17:37+00:00 CRITICAL Uncaught Error: Call to undefined function wc_get_loop_prop() in /home1/lisaove1/public_html/wp-content/plugins/woocommerce/includes/class-wc-query.php:376
Stack trace:
#0 /home1/lisaove1/public_html/wp-content/plugins/woocommerce/includes/class-wc-query.php(363): WC_Query->adjust_total_pages()
#1 /home1/lisaove1/public_html/wp-includes/class-wp-hook.php(289): WC_Query->handle_get_posts(Array)
#2 /home1/lisaove1/public_html/wp-includes/plugin.php(249): WP_Hook->apply_filters(Array, Array)
#3 /home1/lisaove1/public_html/wp-includes/class-wp-query.php(3190): apply_filters_ref_array('the_posts', Array)
#4 /home1/lisaove1/public_html/wp-includes/class-wp-query.php(3448): WP_Query->get_posts()
#5 /home1/lisaove1/public_html/wp-includes/post.php(2053): WP_Query->query(Array)
#6 /home1/lisaove1/public_html/wp-content/themes/creativo/inc/creativo-vc-integration.php(317): get_posts('post_type=post&...')
#7 /home1/lisaove1/public_html/wp-content/themes/creativo/functions.php(430): require_once('/home1/lisaove1...')
#8  in /home1/lisaove1/public_html/wp-content/plugins/woocommerce/includes/class-wc-query.php on line 376

2020-08-18T23:19:09+00:00 CRITICAL Uncaught Error: Call to undefined function wc_get_loop_prop() in /home1/lisaove1/public_html/wp-content/plugins/woocommerce/includes/class-wc-query.php:376
Stack trace:
#0 /home1/lisaove1/public_html/wp-content/plugins/woocommerce/includes/class-wc-query.php(363): WC_Query->adjust_total_pages()
#1 /home1/lisaove1/public_html/wp-includes/class-wp-hook.php(289): WC_Query->handle_get_posts(Array)
#2 /home1/lisaove1/public_html/wp-includes/plugin.php(249): WP_Hook->apply_filters(Array, Array)
#3 /home1/lisaove1/public_html/wp-includes/class-wp-query.php(3190): apply_filters_ref_array('the_posts', Array)
#4 /home1/lisaove1/public_html/wp-includes/class-wp-query.php(3448): WP_Query->get_posts()
#5 /home1/lisaove1/public_html/wp-includes/post.php(2053): WP_Query->query(Array)
#6 /home1/lisaove1/public_html/wp-content/themes/creativo/inc/creativo-vc-integration.php(317): get_posts('post_type=post&...')
#7 /home1/lisaove1/public_html/wp-content/themes/creativo/functions.php(430): require_once('/home1/lisaove1...')
#8  in /home1/lisaove1/public_html/wp-content/plugins/woocommerce/includes/class-wc-query.php on line 376

2020-08-18T23:21:59+00:00 CRITICAL Uncaught Error: Call to undefined function wc_get_loop_prop() in /home1/lisaove1/public_html/wp-content/plugins/woocommerce/includes/class-wc-query.php:376
Stack trace:
#0 /home1/lisaove1/public_html/wp-content/plugins/woocommerce/includes/class-wc-query.php(363): WC_Query->adjust_total_pages()
#1 /home1/lisaove1/public_html/wp-includes/class-wp-hook.php(289): WC_Query->handle_get_posts(Array)
#2 /home1/lisaove1/public_html/wp-includes/plugin.php(249): WP_Hook->apply_filters(Array, Array)
#3 /home1/lisaove1/public_html/wp-includes/class-wp-query.php(3190): apply_filters_ref_array('the_posts', Array)
#4 /home1/lisaove1/public_html/wp-includes/class-wp-query.php(3448): WP_Query->get_posts()
#5 /home1/lisaove1/public_html/wp-includes/post.php(2053): WP_Query->query(Array)
#6 /home1/lisaove1/public_html/wp-content/themes/creativo/inc/creativo-vc-integration.php(317): get_posts('post_type=post&...')
#7 /home1/lisaove1/public_html/wp-content/themes/creativo/functions.php(430): require_once('/home1/lisaove1...')
#8  in /home1/lisaove1/public_html/wp-content/plugins/woocommerce/includes/class-wc-query.php on line 376

2020-08-18T23:25:50+00:00 CRITICAL Uncaught Error: Call to undefined function wc_get_loop_prop() in /home1/lisaove1/public_html/wp-content/plugins/woocommerce/includes/class-wc-query.php:376
Stack trace:
#0 /home1/lisaove1/public_html/wp-content/plugins/woocommerce/includes/class-wc-query.php(363): WC_Query->adjust_total_pages()
#1 /home1/lisaove1/public_html/wp-includes/class-wp-hook.php(289): WC_Query->handle_get_posts(Array)
#2 /home1/lisaove1/public_html/wp-includes/plugin.php(249): WP_Hook->apply_filters(Array, Array)
#3 /home1/lisaove1/public_html/wp-includes/class-wp-query.php(3190): apply_filters_ref_array('the_posts', Array)
#4 /home1/lisaove1/public_html/wp-includes/class-wp-query.php(3448): WP_Query->get_posts()
#5 /home1/lisaove1/public_html/wp-includes/post.php(2053): WP_Query->query(Array)
#6 /home1/lisaove1/public_html/wp-content/themes/creativo/inc/creativo-vc-integration.php(317): get_posts('post_type=post&...')
#7 /home1/lisaove1/public_html/wp-content/themes/creativo/functions.php(430): require_once('/home1/lisaove1...')
#8  in /home1/lisaove1/public_html/wp-content/plugins/woocommerce/includes/class-wc-query.php on line 376

2020-08-18T23:29:02+00:00 CRITICAL Uncaught Error: Call to undefined function wc_get_loop_prop() in /home1/lisaove1/public_html/wp-content/plugins/woocommerce/includes/class-wc-query.php:376
Stack trace:
#0 /home1/lisaove1/public_html/wp-content/plugins/woocommerce/includes/class-wc-query.php(363): WC_Query->adjust_total_pages()
#1 /home1/lisaove1/public_html/wp-includes/class-wp-hook.php(289): WC_Query->handle_get_posts(Array)
#2 /home1/lisaove1/public_html/wp-includes/plugin.php(249): WP_Hook->apply_filters(Array, Array)
#3 /home1/lisaove1/public_html/wp-includes/class-wp-query.php(3190): apply_filters_ref_array('the_posts', Array)
#4 /home1/lisaove1/public_html/wp-includes/class-wp-query.php(3448): WP_Query->get_posts()
#5 /home1/lisaove1/public_html/wp-includes/post.php(2053): WP_Query->query(Array)
#6 /home1/lisaove1/public_html/wp-content/themes/creativo/inc/creativo-vc-integration.php(317): get_posts('post_type=post&...')
#7 /home1/lisaove1/public_html/wp-content/themes/creativo/functions.php(430): require_once('/home1/lisaove1...')
#8  in /home1/lisaove1/public_html/wp-content/plugins/woocommerce/includes/class-wc-query.php on line 376

2020-08-18T23:33:46+00:00 CRITICAL Uncaught Error: Call to undefined function wc_get_loop_prop() in /home1/lisaove1/public_html/wp-content/plugins/woocommerce/includes/class-wc-query.php:376
Stack trace:
#0 /home1/lisaove1/public_html/wp-content/plugins/woocommerce/includes/class-wc-query.php(363): WC_Query->adjust_total_pages()
#1 /home1/lisaove1/public_html/wp-includes/class-wp-hook.php(289): WC_Query->handle_get_posts(Array)
#2 /home1/lisaove1/public_html/wp-includes/plugin.php(249): WP_Hook->apply_filters(Array, Array)
#3 /home1/lisaove1/public_html/wp-includes/class-wp-query.php(3190): apply_filters_ref_array('the_posts', Array)
#4 /home1/lisaove1/public_html/wp-includes/class-wp-query.php(3448): WP_Query->get_posts()
#5 /home1/lisaove1/public_html/wp-includes/post.php(2053): WP_Query->query(Array)
#6 /home1/lisaove1/public_html/wp-content/themes/creativo/inc/creativo-vc-integration.php(317): get_posts('post_type=post&...')
#7 /home1/lisaove1/public_html/wp-content/themes/creativo/functions.php(430): require_once('/home1/lisaove1...')
#8  in /home1/lisaove1/public_html/wp-content/plugins/woocommerce/includes/class-wc-query.php on line 376

2020-08-18T23:33:47+00:00 CRITICAL Uncaught Error: Call to undefined function wc_get_loop_prop() in /home1/lisaove1/public_html/wp-content/plugins/woocommerce/includes/class-wc-query.php:376
Stack trace:
#0 /home1/lisaove1/public_html/wp-content/plugins/woocommerce/includes/class-wc-query.php(363): WC_Query->adjust_total_pages()
#1 /home1/lisaove1/public_html/wp-includes/class-wp-hook.php(289): WC_Query->handle_get_posts(Array)
#2 /home1/lisaove1/public_html/wp-includes/plugin.php(249): WP_Hook->apply_filters(Array, Array)
#3 /home1/lisaove1/public_html/wp-includes/class-wp-query.php(3190): apply_filters_ref_array('the_posts', Array)
#4 /home1/lisaove1/public_html/wp-includes/class-wp-query.php(3448): WP_Query->get_posts()
#5 /home1/lisaove1/public_html/wp-includes/post.php(2053): WP_Query->query(Array)
#6 /home1/lisaove1/public_html/wp-content/themes/creativo/inc/creativo-vc-integration.php(317): get_posts('post_type=post&...')
#7 /home1/lisaove1/public_html/wp-content/themes/creativo/functions.php(430): require_once('/home1/lisaove1...')
#8  in /home1/lisaove1/public_html/wp-content/plugins/woocommerce/includes/class-wc-query.php on line 376

2020-08-18T23:34:03+00:00 CRITICAL Uncaught Error: Call to undefined function wc_get_loop_prop() in /home1/lisaove1/public_html/wp-content/plugins/woocommerce/includes/class-wc-query.php:376
Stack trace:
#0 /home1/lisaove1/public_html/wp-content/plugins/woocommerce/includes/class-wc-query.php(363): WC_Query->adjust_total_pages()
#1 /home1/lisaove1/public_html/wp-includes/class-wp-hook.php(289): WC_Query->handle_get_posts(Array)
#2 /home1/lisaove1/public_html/wp-includes/plugin.php(249): WP_Hook->apply_filters(Array, Array)
#3 /home1/lisaove1/public_html/wp-includes/class-wp-query.php(3190): apply_filters_ref_array('the_posts', Array)
#4 /home1/lisaove1/public_html/wp-includes/class-wp-query.php(3448): WP_Query->get_posts()
#5 /home1/lisaove1/public_html/wp-includes/post.php(2053): WP_Query->query(Array)
#6 /home1/lisaove1/public_html/wp-content/themes/creativo/inc/creativo-vc-integration.php(317): get_posts('post_type=post&...')
#7 /home1/lisaove1/public_html/wp-content/themes/creativo/functions.php(430): require_once('/home1/lisaove1...')
#8  in /home1/lisaove1/public_html/wp-content/plugins/woocommerce/includes/class-wc-query.php on line 376

2020-08-18T23:39:01+00:00 CRITICAL Uncaught Error: Call to undefined function wc_get_loop_prop() in /home1/lisaove1/public_html/wp-content/plugins/woocommerce/includes/class-wc-query.php:376
Stack trace:
#0 /home1/lisaove1/public_html/wp-content/plugins/woocommerce/includes/class-wc-query.php(363): WC_Query->adjust_total_pages()
#1 /home1/lisaove1/public_html/wp-includes/class-wp-hook.php(289): WC_Query->handle_get_posts(Array)
#2 /home1/lisaove1/public_html/wp-includes/plugin.php(249): WP_Hook->apply_filters(Array, Array)
#3 /home1/lisaove1/public_html/wp-includes/class-wp-query.php(3190): apply_filters_ref_array('the_posts', Array)
#4 /home1/lisaove1/public_html/wp-includes/class-wp-query.php(3448): WP_Query->get_posts()
#5 /home1/lisaove1/public_html/wp-includes/post.php(2053): WP_Query->query(Array)
#6 /home1/lisaove1/public_html/wp-content/themes/creativo/inc/creativo-vc-integration.php(317): get_posts('post_type=post&...')
#7 /home1/lisaove1/public_html/wp-content/themes/creativo/functions.php(430): require_once('/home1/lisaove1...')
#8  in /home1/lisaove1/public_html/wp-content/plugins/woocommerce/includes/class-wc-query.php on line 376

2020-08-18T23:42:14+00:00 CRITICAL Uncaught Error: Call to undefined function wc_get_loop_prop() in /home1/lisaove1/public_html/wp-content/plugins/woocommerce/includes/class-wc-query.php:376
Stack trace:
#0 /home1/lisaove1/public_html/wp-content/plugins/woocommerce/includes/class-wc-query.php(363): WC_Query->adjust_total_pages()
#1 /home1/lisaove1/public_html/wp-includes/class-wp-hook.php(289): WC_Query->handle_get_posts(Array)
#2 /home1/lisaove1/public_html/wp-includes/plugin.php(249): WP_Hook->apply_filters(Array, Array)
#3 /home1/lisaove1/public_html/wp-includes/class-wp-query.php(3190): apply_filters_ref_array('the_posts', Array)
#4 /home1/lisaove1/public_html/wp-includes/class-wp-query.php(3448): WP_Query->get_posts()
#5 /home1/lisaove1/public_html/wp-includes/post.php(2053): WP_Query->query(Array)
#6 /home1/lisaove1/public_html/wp-content/themes/creativo/inc/creativo-vc-integration.php(317): get_posts('post_type=post&...')
#7 /home1/lisaove1/public_html/wp-content/themes/creativo/functions.php(430): require_once('/home1/lisaove1...')
#8  in /home1/lisaove1/public_html/wp-content/plugins/woocommerce/includes/class-wc-query.php on line 376

2020-08-18T23:49:09+00:00 CRITICAL Uncaught Error: Call to undefined function wc_get_loop_prop() in /home1/lisaove1/public_html/wp-content/plugins/woocommerce/includes/class-wc-query.php:376
Stack trace:
#0 /home1/lisaove1/public_html/wp-content/plugins/woocommerce/includes/class-wc-query.php(363): WC_Query->adjust_total_pages()
#1 /home1/lisaove1/public_html/wp-includes/class-wp-hook.php(289): WC_Query->handle_get_posts(Array)
#2 /home1/lisaove1/public_html/wp-includes/plugin.php(249): WP_Hook->apply_filters(Array, Array)
#3 /home1/lisaove1/public_html/wp-includes/class-wp-query.php(3190): apply_filters_ref_array('the_posts', Array)
#4 /home1/lisaove1/public_html/wp-includes/class-wp-query.php(3448): WP_Query->get_posts()
#5 /home1/lisaove1/public_html/wp-includes/post.php(2053): WP_Query->query(Array)
#6 /home1/lisaove1/public_html/wp-content/themes/creativo/inc/creativo-vc-integration.php(317): get_posts('post_type=post&...')
#7 /home1/lisaove1/public_html/wp-content/themes/creativo/functions.php(430): require_once('/home1/lisaove1...')
#8  in /home1/lisaove1/public_html/wp-content/plugins/woocommerce/includes/class-wc-query.php on line 376

2020-08-18T23:50:26+00:00 CRITICAL Uncaught Error: Call to undefined function wc_get_loop_prop() in /home1/lisaove1/public_html/wp-content/plugins/woocommerce/includes/class-wc-query.php:376
Stack trace:
#0 /home1/lisaove1/public_html/wp-content/plugins/woocommerce/includes/class-wc-query.php(363): WC_Query->adjust_total_pages()
#1 /home1/lisaove1/public_html/wp-includes/class-wp-hook.php(289): WC_Query->handle_get_posts(Array)
#2 /home1/lisaove1/public_html/wp-includes/plugin.php(249): WP_Hook->apply_filters(Array, Array)
#3 /home1/lisaove1/public_html/wp-includes/class-wp-query.php(3190): apply_filters_ref_array('the_posts', Array)
#4 /home1/lisaove1/public_html/wp-includes/class-wp-query.php(3448): WP_Query->get_posts()
#5 /home1/lisaove1/public_html/wp-includes/post.php(2053): WP_Query->query(Array)
#6 /home1/lisaove1/public_html/wp-content/themes/creativo/inc/creativo-vc-integration.php(317): get_posts('post_type=post&...')
#7 /home1/lisaove1/public_html/wp-content/themes/creativo/functions.php(430): require_once('/home1/lisaove1...')
#8  in /home1/lisaove1/public_html/wp-content/plugins/woocommerce/includes/class-wc-query.php on line 376

2020-08-18T23:58:54+00:00 CRITICAL Uncaught Error: Call to undefined function wc_get_loop_prop() in /home1/lisaove1/public_html/wp-content/plugins/woocommerce/includes/class-wc-query.php:376
Stack trace:
#0 /home1/lisaove1/public_html/wp-content/plugins/woocommerce/includes/class-wc-query.php(363): WC_Query->adjust_total_pages()
#1 /home1/lisaove1/public_html/wp-includes/class-wp-hook.php(289): WC_Query->handle_get_posts(Array)
#2 /home1/lisaove1/public_html/wp-includes/plugin.php(249): WP_Hook->apply_filters(Array, Array)
#3 /home1/lisaove1/public_html/wp-includes/class-wp-query.php(3190): apply_filters_ref_array('the_posts', Array)
#4 /home1/lisaove1/public_html/wp-includes/class-wp-query.php(3448): WP_Query->get_posts()
#5 /home1/lisaove1/public_html/wp-includes/post.php(2053): WP_Query->query(Array)
#6 /home1/lisaove1/public_html/wp-content/themes/creativo/inc/creativo-vc-integration.php(317): get_posts('post_type=post&...')
#7 /home1/lisaove1/public_html/wp-content/themes/creativo/functions.php(430): require_once('/home1/lisaove1...')
#8  in /home1/lisaove1/public_html/wp-content/plugins/woocommerce/includes/class-wc-query.php on line 376

